Using pre-set license
Built from '2020.3/staging' branch; Version is '2020.3.9f1 (108be757e447) revision 1084391'; Using compiler version '192528614'; Build Type 'Release'
OS: 'Windows 10 Enterprise LTSC 2019; OS build 17763.2928; Version 1809; 64bit' Language: 'ru' Physical Memory: 8053 MB
BatchMode: 1, IsHumanControllingUs: 0, StartBugReporterOnCrash: 0, Is64bit: 1, IsPro: 0

 COMMAND LINE ARGUMENTS:
C:\Users\Fox\Documents\Unity\Unity Hub\2020.3.9f1\Editor\Unity.exe
-adb2
-batchMode
-noUpm
-name
AssetImportWorker0
-projectPath
C:/Users/Fox/Desktop/проектик/Wilda_Wild_forest
-logFile
Logs/AssetImportWorker0.log
-srvPort
59146
Successfully changed project path to: C:/Users/Fox/Desktop/проектик/Wilda_Wild_forest
C:/Users/Fox/Desktop/проектик/Wilda_Wild_forest
Using Asset Import Pipeline V2.
Refreshing native plugins compatible for Editor in 156.54 ms, found 1 plugins.
Preloading 0 native plugins for Editor in 0.00 ms.
Initialize engine version: 2020.3.9f1 (108be757e447)
[Subsystems] Discovering subsystems at path C:/Users/Fox/Documents/Unity/Unity Hub/2020.3.9f1/Editor/Data/Resources/UnitySubsystems
[Subsystems] Discovering subsystems at path C:/Users/Fox/Desktop/проектик/Wilda_Wild_forest/Assets
GfxDevice: creating device client; threaded=0
Direct3D:
    Version:  Direct3D 11.0 [level 11.0]
    Renderer: NVIDIA GeForce GTX 950M (ID=0x139a)
    Vendor:   
    VRAM:     2019 MB
    Driver:   23.21.13.8857
Initialize mono
Mono path[0] = 'C:/Users/Fox/Documents/Unity/Unity Hub/2020.3.9f1/Editor/Data/Managed'
Mono path[1] = 'C:/Users/Fox/Documents/Unity/Unity Hub/2020.3.9f1/Editor/Data/MonoBleedingEdge/lib/mono/unityjit'
Mono config path = 'C:/Users/Fox/Documents/Unity/Unity Hub/2020.3.9f1/Editor/Data/MonoBleedingEdge/etc'
Using monoOptions --debugger-agent=transport=dt_socket,embedding=1,server=y,suspend=n,address=127.0.0.1:56024
Begin MonoManager ReloadAssembly
Registering precompiled unity dll's ...
Register platform support module: C:/Users/Fox/Documents/Unity/Unity Hub/2020.3.9f1/Editor/Data/PlaybackEngines/WindowsStandaloneSupport/UnityEditor.WindowsStandalone.Extensions.dll
Registered in 0.008637 seconds.
Native extension for WindowsStandalone target not found
Refreshing native plugins compatible for Editor in 106.66 ms, found 1 plugins.
Preloading 0 native plugins for Editor in 0.00 ms.
Mono: successfully reloaded assembly
- Completed reload, in  4.172 seconds
Platform modules already initialized, skipping
Registering precompiled user dll's ...
Registered in 0.002648 seconds.
Begin MonoManager ReloadAssembly
Native extension for WindowsStandalone target not found
Refreshing native plugins compatible for Editor in 113.58 ms, found 1 plugins.
Preloading 0 native plugins for Editor in 0.00 ms.
Mono: successfully reloaded assembly
- Completed reload, in  3.449 seconds
Platform modules already initialized, skipping
========================================================================
Worker process is ready to serve import requests
Launched and connected shader compiler UnityShaderCompiler.exe after 0.23 seconds
Refreshing native plugins compatible for Editor in 1.56 ms, found 1 plugins.
Preloading 0 native plugins for Editor in 0.00 ms.
Unloading 1913 Unused Serialized files (Serialized files now loaded: 0)
System memory in use before: 87.8 MB.
System memory in use after: 87.9 MB.

Unloading 31 unused Assets to reduce memory usage. Loaded Objects now: 2344.
Total: 6.813500 ms (FindLiveObjects: 0.575100 ms CreateObjectMapping: 0.319800 ms MarkObjects: 5.754800 ms  DeleteObjects: 0.160300 ms)

========================================================================
Received Import Request.
  path: Assets/Resources/Mob2/Vrag2.controller
  artifactKey: Guid(f70fa333298729142acc97631ed288b8) Importer(815301076,1909f56bfc062723c751e8b465ee728b)
Start importing Assets/Resources/Mob2/Vrag2.controller using Guid(f70fa333298729142acc97631ed288b8) Importer(815301076,1909f56bfc062723c751e8b465ee728b)  -> (artifact id: 'dd849fae58a88147846afe2667c0aac2') in 0.178689 seconds
  Import took 0.203270 seconds .

========================================================================
Received Prepare
Refreshing native plugins compatible for Editor in 17.09 ms, found 1 plugins.
Preloading 0 native plugins for Editor in 0.00 ms.
Unloading 18 Unused Serialized files (Serialized files now loaded: 0)
System memory in use before: 49.9 MB.
System memory in use after: 50.1 MB.

Unloading 18 unused Assets to reduce memory usage. Loaded Objects now: 2344.
Total: 7.105100 ms (FindLiveObjects: 0.530600 ms CreateObjectMapping: 0.320800 ms MarkObjects: 6.196600 ms  DeleteObjects: 0.054200 ms)

========================================================================
Received Prepare
Refreshing native plugins compatible for Editor in 18.20 ms, found 1 plugins.
Preloading 0 native plugins for Editor in 0.00 ms.
Unloading 18 Unused Serialized files (Serialized files now loaded: 0)
System memory in use before: 49.9 MB.
System memory in use after: 50.1 MB.

Unloading 18 unused Assets to reduce memory usage. Loaded Objects now: 2344.
Total: 9.395900 ms (FindLiveObjects: 0.505600 ms CreateObjectMapping: 0.754400 ms MarkObjects: 8.055900 ms  DeleteObjects: 0.077200 ms)

========================================================================
Received Prepare
Registering precompiled user dll's ...
Registered in 0.006617 seconds.
Begin MonoManager ReloadAssembly
Native extension for WindowsStandalone target not found
Refreshing native plugins compatible for Editor in 1.96 ms, found 1 plugins.
Preloading 0 native plugins for Editor in 0.00 ms.
Mono: successfully reloaded assembly
- Completed reload, in  3.368 seconds
Platform modules already initialized, skipping
Refreshing native plugins compatible for Editor in 1.14 ms, found 1 plugins.
Preloading 0 native plugins for Editor in 0.00 ms.
Unloading 1902 Unused Serialized files (Serialized files now loaded: 0)
System memory in use before: 87.4 MB.
System memory in use after: 87.5 MB.

Unloading 20 unused Assets to reduce memory usage. Loaded Objects now: 2347.
Total: 6.922700 ms (FindLiveObjects: 0.683800 ms CreateObjectMapping: 0.233800 ms MarkObjects: 5.744500 ms  DeleteObjects: 0.257500 ms)

========================================================================
Received Prepare
Refreshing native plugins compatible for Editor in 16.47 ms, found 1 plugins.
Preloading 0 native plugins for Editor in 0.00 ms.
Unloading 18 Unused Serialized files (Serialized files now loaded: 0)
System memory in use before: 50.1 MB.
System memory in use after: 50.3 MB.

Unloading 18 unused Assets to reduce memory usage. Loaded Objects now: 2347.
Total: 5.519700 ms (FindLiveObjects: 0.748800 ms CreateObjectMapping: 0.165400 ms MarkObjects: 4.531100 ms  DeleteObjects: 0.069200 ms)

========================================================================
Received Prepare
Registering precompiled user dll's ...
Registered in 0.003551 seconds.
Begin MonoManager ReloadAssembly
Native extension for WindowsStandalone target not found
Refreshing native plugins compatible for Editor in 1.35 ms, found 1 plugins.
Preloading 0 native plugins for Editor in 0.00 ms.
Mono: successfully reloaded assembly
- Completed reload, in  3.484 seconds
Platform modules already initialized, skipping
Refreshing native plugins compatible for Editor in 1.26 ms, found 1 plugins.
Preloading 0 native plugins for Editor in 0.00 ms.
Unloading 1902 Unused Serialized files (Serialized files now loaded: 0)
System memory in use before: 87.4 MB.
System memory in use after: 87.5 MB.

Unloading 20 unused Assets to reduce memory usage. Loaded Objects now: 2350.
Total: 4.574100 ms (FindLiveObjects: 0.717900 ms CreateObjectMapping: 0.295800 ms MarkObjects: 3.487800 ms  DeleteObjects: 0.069700 ms)

========================================================================
Received Prepare
Refreshing native plugins compatible for Editor in 17.26 ms, found 1 plugins.
Preloading 0 native plugins for Editor in 0.00 ms.
Unloading 18 Unused Serialized files (Serialized files now loaded: 0)
System memory in use before: 50.2 MB.
System memory in use after: 50.3 MB.

Unloading 18 unused Assets to reduce memory usage. Loaded Objects now: 2350.
Total: 8.121200 ms (FindLiveObjects: 0.611400 ms CreateObjectMapping: 0.263900 ms MarkObjects: 7.159700 ms  DeleteObjects: 0.082500 ms)

========================================================================
Received Prepare
Registering precompiled user dll's ...
Registered in 0.017564 seconds.
Begin MonoManager ReloadAssembly
Native extension for WindowsStandalone target not found
Refreshing native plugins compatible for Editor in 1.38 ms, found 1 plugins.
Preloading 0 native plugins for Editor in 0.00 ms.
Mono: successfully reloaded assembly
- Completed reload, in  3.385 seconds
Platform modules already initialized, skipping
Refreshing native plugins compatible for Editor in 1.87 ms, found 1 plugins.
Preloading 0 native plugins for Editor in 0.00 ms.
Unloading 1902 Unused Serialized files (Serialized files now loaded: 0)
System memory in use before: 87.4 MB.
System memory in use after: 87.6 MB.

Unloading 20 unused Assets to reduce memory usage. Loaded Objects now: 2353.
Total: 7.402300 ms (FindLiveObjects: 0.579200 ms CreateObjectMapping: 0.304400 ms MarkObjects: 6.438000 ms  DeleteObjects: 0.076700 ms)

========================================================================
Received Prepare
Refreshing native plugins compatible for Editor in 15.57 ms, found 1 plugins.
Preloading 0 native plugins for Editor in 0.00 ms.
Unloading 18 Unused Serialized files (Serialized files now loaded: 0)
System memory in use before: 50.2 MB.
System memory in use after: 50.3 MB.

Unloading 18 unused Assets to reduce memory usage. Loaded Objects now: 2353.
Total: 5.219200 ms (FindLiveObjects: 0.896400 ms CreateObjectMapping: 0.400500 ms MarkObjects: 3.860300 ms  DeleteObjects: 0.058800 ms)

========================================================================
Received Prepare
Registering precompiled user dll's ...
Registered in 0.004209 seconds.
Begin MonoManager ReloadAssembly
Native extension for WindowsStandalone target not found
Refreshing native plugins compatible for Editor in 2.33 ms, found 1 plugins.
Preloading 0 native plugins for Editor in 0.00 ms.
Mono: successfully reloaded assembly
- Completed reload, in  4.068 seconds
Platform modules already initialized, skipping
Refreshing native plugins compatible for Editor in 2.66 ms, found 1 plugins.
Preloading 0 native plugins for Editor in 0.00 ms.
Unloading 1902 Unused Serialized files (Serialized files now loaded: 0)
System memory in use before: 87.5 MB.
System memory in use after: 87.6 MB.

Unloading 20 unused Assets to reduce memory usage. Loaded Objects now: 2356.
Total: 8.060500 ms (FindLiveObjects: 1.333900 ms CreateObjectMapping: 0.570500 ms MarkObjects: 6.103700 ms  DeleteObjects: 0.048200 ms)

========================================================================
Received Prepare
Refreshing native plugins compatible for Editor in 18.63 ms, found 1 plugins.
Preloading 0 native plugins for Editor in 0.00 ms.
Unloading 18 Unused Serialized files (Serialized files now loaded: 0)
System memory in use before: 50.2 MB.
System memory in use after: 50.3 MB.

Unloading 18 unused Assets to reduce memory usage. Loaded Objects now: 2356.
Total: 5.531600 ms (FindLiveObjects: 0.895200 ms CreateObjectMapping: 0.473500 ms MarkObjects: 4.017000 ms  DeleteObjects: 0.142600 ms)

========================================================================
Received Import Request.
  Time since last request: 448.373637 seconds.
  path: Assets/Resources/Mob2/Vrag2.controller
  artifactKey: Guid(f70fa333298729142acc97631ed288b8) Importer(815301076,1909f56bfc062723c751e8b465ee728b)
Start importing Assets/Resources/Mob2/Vrag2.controller using Guid(f70fa333298729142acc97631ed288b8) Importer(815301076,1909f56bfc062723c751e8b465ee728b)  -> (artifact id: '6d436ccda80234a217f0c80e4133ddcf') in 0.177259 seconds
  Import took 0.232840 seconds .

========================================================================
Received Prepare
Registering precompiled user dll's ...
Registered in 0.021141 seconds.
Begin MonoManager ReloadAssembly
Native extension for WindowsStandalone target not found
Refreshing native plugins compatible for Editor in 1.49 ms, found 1 plugins.
Preloading 0 native plugins for Editor in 0.00 ms.
Mono: successfully reloaded assembly
- Completed reload, in  5.229 seconds
Platform modules already initialized, skipping
Refreshing native plugins compatible for Editor in 0.94 ms, found 1 plugins.
Preloading 0 native plugins for Editor in 0.00 ms.
Unloading 1902 Unused Serialized files (Serialized files now loaded: 0)
System memory in use before: 87.5 MB.
System memory in use after: 87.6 MB.

Unloading 20 unused Assets to reduce memory usage. Loaded Objects now: 2359.
Total: 6.093000 ms (FindLiveObjects: 0.361600 ms CreateObjectMapping: 0.320100 ms MarkObjects: 5.339800 ms  DeleteObjects: 0.067600 ms)

========================================================================
Received Prepare
Refreshing native plugins compatible for Editor in 15.02 ms, found 1 plugins.
Preloading 0 native plugins for Editor in 0.00 ms.
Unloading 18 Unused Serialized files (Serialized files now loaded: 0)
System memory in use before: 50.2 MB.
System memory in use after: 50.3 MB.

Unloading 18 unused Assets to reduce memory usage. Loaded Objects now: 2359.
Total: 3.251000 ms (FindLiveObjects: 0.296500 ms CreateObjectMapping: 0.105200 ms MarkObjects: 2.771800 ms  DeleteObjects: 0.075400 ms)

========================================================================
Received Prepare
Registering precompiled user dll's ...
Registered in 0.005011 seconds.
Begin MonoManager ReloadAssembly
Native extension for WindowsStandalone target not found
Refreshing native plugins compatible for Editor in 1.29 ms, found 1 plugins.
Preloading 0 native plugins for Editor in 0.00 ms.
Mono: successfully reloaded assembly
- Completed reload, in  3.527 seconds
Platform modules already initialized, skipping
Refreshing native plugins compatible for Editor in 1.53 ms, found 1 plugins.
Preloading 0 native plugins for Editor in 0.00 ms.
Unloading 1902 Unused Serialized files (Serialized files now loaded: 0)
System memory in use before: 87.5 MB.
System memory in use after: 87.6 MB.

Unloading 20 unused Assets to reduce memory usage. Loaded Objects now: 2362.
Total: 5.776400 ms (FindLiveObjects: 0.302700 ms CreateObjectMapping: 0.117600 ms MarkObjects: 5.298300 ms  DeleteObjects: 0.055200 ms)

========================================================================
Received Prepare
Refreshing native plugins compatible for Editor in 13.63 ms, found 1 plugins.
Preloading 0 native plugins for Editor in 0.00 ms.
Unloading 18 Unused Serialized files (Serialized files now loaded: 0)
System memory in use before: 50.2 MB.
System memory in use after: 50.4 MB.

Unloading 18 unused Assets to reduce memory usage. Loaded Objects now: 2362.
Total: 5.265500 ms (FindLiveObjects: 0.340900 ms CreateObjectMapping: 0.117300 ms MarkObjects: 4.748800 ms  DeleteObjects: 0.054600 ms)

========================================================================
Received Prepare
Registering precompiled user dll's ...
Registered in 0.003554 seconds.
Begin MonoManager ReloadAssembly
Native extension for WindowsStandalone target not found
Refreshing native plugins compatible for Editor in 2.61 ms, found 1 plugins.
Preloading 0 native plugins for Editor in 0.00 ms.
Mono: successfully reloaded assembly
- Completed reload, in  3.251 seconds
Platform modules already initialized, skipping
Refreshing native plugins compatible for Editor in 1.71 ms, found 1 plugins.
Preloading 0 native plugins for Editor in 0.00 ms.
Unloading 1902 Unused Serialized files (Serialized files now loaded: 0)
System memory in use before: 87.5 MB.
System memory in use after: 87.6 MB.

Unloading 20 unused Assets to reduce memory usage. Loaded Objects now: 2365.
Total: 8.818500 ms (FindLiveObjects: 0.637500 ms CreateObjectMapping: 0.234600 ms MarkObjects: 7.594900 ms  DeleteObjects: 0.066000 ms)

========================================================================
Received Prepare
Refreshing native plugins compatible for Editor in 14.97 ms, found 1 plugins.
Preloading 0 native plugins for Editor in 0.00 ms.
Unloading 18 Unused Serialized files (Serialized files now loaded: 0)
System memory in use before: 50.2 MB.
System memory in use after: 50.4 MB.

Unloading 18 unused Assets to reduce memory usage. Loaded Objects now: 2365.
Total: 6.882300 ms (FindLiveObjects: 0.735600 ms CreateObjectMapping: 0.386600 ms MarkObjects: 5.650800 ms  DeleteObjects: 0.103800 ms)

========================================================================
Received Prepare
Registering precompiled user dll's ...
Registered in 0.004037 seconds.
Begin MonoManager ReloadAssembly
Native extension for WindowsStandalone target not found
Refreshing native plugins compatible for Editor in 0.79 ms, found 1 plugins.
Preloading 0 native plugins for Editor in 0.00 ms.
Mono: successfully reloaded assembly
- Completed reload, in  2.489 seconds
Platform modules already initialized, skipping
Refreshing native plugins compatible for Editor in 1.72 ms, found 1 plugins.
Preloading 0 native plugins for Editor in 0.00 ms.
Unloading 1902 Unused Serialized files (Serialized files now loaded: 0)
System memory in use before: 87.5 MB.
System memory in use after: 87.6 MB.

Unloading 20 unused Assets to reduce memory usage. Loaded Objects now: 2368.
Total: 5.613900 ms (FindLiveObjects: 0.579800 ms CreateObjectMapping: 0.241300 ms MarkObjects: 4.738200 ms  DeleteObjects: 0.052000 ms)

========================================================================
Received Prepare
Refreshing native plugins compatible for Editor in 12.18 ms, found 1 plugins.
Preloading 0 native plugins for Editor in 0.00 ms.
Unloading 18 Unused Serialized files (Serialized files now loaded: 0)
System memory in use before: 50.3 MB.
System memory in use after: 50.4 MB.

Unloading 18 unused Assets to reduce memory usage. Loaded Objects now: 2368.
Total: 6.474600 ms (FindLiveObjects: 0.468500 ms CreateObjectMapping: 0.271000 ms MarkObjects: 5.698500 ms  DeleteObjects: 0.034300 ms)

========================================================================
Received Prepare
Registering precompiled user dll's ...
Registered in 0.008433 seconds.
Begin MonoManager ReloadAssembly
Native extension for WindowsStandalone target not found
Refreshing native plugins compatible for Editor in 4.82 ms, found 1 plugins.
Preloading 0 native plugins for Editor in 0.00 ms.
Mono: successfully reloaded assembly
- Completed reload, in  6.979 seconds
Platform modules already initialized, skipping
Refreshing native plugins compatible for Editor in 1.31 ms, found 1 plugins.
Preloading 0 native plugins for Editor in 0.00 ms.
Unloading 1902 Unused Serialized files (Serialized files now loaded: 0)
System memory in use before: 87.5 MB.
System memory in use after: 87.6 MB.

Unloading 20 unused Assets to reduce memory usage. Loaded Objects now: 2371.
Total: 21.354000 ms (FindLiveObjects: 2.854800 ms CreateObjectMapping: 3.247900 ms MarkObjects: 14.871700 ms  DeleteObjects: 0.374800 ms)

========================================================================
Received Prepare
Registering precompiled user dll's ...
Registered in 0.014741 seconds.
Begin MonoManager ReloadAssembly
Native extension for WindowsStandalone target not found
Refreshing native plugins compatible for Editor in 2.81 ms, found 1 plugins.
Preloading 0 native plugins for Editor in 0.00 ms.
Mono: successfully reloaded assembly
- Completed reload, in  6.805 seconds
Platform modules already initialized, skipping
Refreshing native plugins compatible for Editor in 1.36 ms, found 1 plugins.
Preloading 0 native plugins for Editor in 0.00 ms.
Unloading 1902 Unused Serialized files (Serialized files now loaded: 0)
System memory in use before: 87.5 MB.
System memory in use after: 87.6 MB.

Unloading 21 unused Assets to reduce memory usage. Loaded Objects now: 2378.
Total: 11.031100 ms (FindLiveObjects: 0.433100 ms CreateObjectMapping: 0.370000 ms MarkObjects: 10.168600 ms  DeleteObjects: 0.057000 ms)

========================================================================
Received Import Request.
  Time since last request: 2731.256307 seconds.
  path: Assets/Resources/Mob3
  artifactKey: Guid(d3fc1108e34d20849afadb498c72d87e) Importer(815301076,1909f56bfc062723c751e8b465ee728b)
Start importing Assets/Resources/Mob3 using Guid(d3fc1108e34d20849afadb498c72d87e) Importer(815301076,1909f56bfc062723c751e8b465ee728b)  -> (artifact id: '01abad74e43ddf0a862d41f038d657da') in 0.202667 seconds
  Import took 0.366544 seconds .

========================================================================
Received Import Request.
  Time since last request: 16.622994 seconds.
  path: Assets/Resources/Mob3/vr3_body.png
  artifactKey: Guid(f4ae870ed8527744e915f73a84d141a5) Importer(815301076,1909f56bfc062723c751e8b465ee728b)
Start importing Assets/Resources/Mob3/vr3_body.png using Guid(f4ae870ed8527744e915f73a84d141a5) Importer(815301076,1909f56bfc062723c751e8b465ee728b)  -> (artifact id: 'd82783b40e31e9959476b40f0bdb3147') in 2.317052 seconds
  Import took 2.339866 seconds .

========================================================================
Received Import Request.
  Time since last request: 0.001238 seconds.
  path: Assets/Resources/Mob3/vr3_hand_l.png
  artifactKey: Guid(3cc937c89813c8747a4575e990b33af8) Importer(815301076,1909f56bfc062723c751e8b465ee728b)
Start importing Assets/Resources/Mob3/vr3_hand_l.png using Guid(3cc937c89813c8747a4575e990b33af8) Importer(815301076,1909f56bfc062723c751e8b465ee728b)  -> (artifact id: '5c2559ddffd2be7fb192b0a90f093883') in 0.165988 seconds
  Import took 0.187463 seconds .

========================================================================
Received Import Request.
  Time since last request: 0.000578 seconds.
  path: Assets/Resources/Mob3/vr3_hand_pr.png
  artifactKey: Guid(092e07fc94ee9e34aa05790b56a837f9) Importer(815301076,1909f56bfc062723c751e8b465ee728b)
Start importing Assets/Resources/Mob3/vr3_hand_pr.png using Guid(092e07fc94ee9e34aa05790b56a837f9) Importer(815301076,1909f56bfc062723c751e8b465ee728b)  -> (artifact id: '8791fe820ef375ed26e40eaba0dea6b3') in 0.674013 seconds
  Import took 0.724095 seconds .

========================================================================
Received Import Request.
  Time since last request: 0.005257 seconds.
  path: Assets/Resources/Mob3/vr3_hand_pr_2.png
  artifactKey: Guid(805f69b0cf658dd459ffeaac4fd1f3db) Importer(815301076,1909f56bfc062723c751e8b465ee728b)
Start importing Assets/Resources/Mob3/vr3_hand_pr_2.png using Guid(805f69b0cf658dd459ffeaac4fd1f3db) Importer(815301076,1909f56bfc062723c751e8b465ee728b)  -> (artifact id: 'edcc67df833e24aba943e6729f2be100') in 0.279763 seconds
  Import took 0.354299 seconds .

========================================================================
Received Import Request.
  Time since last request: 0.000696 seconds.
  path: Assets/Resources/Mob3/vr3_hand_l_2.png
  artifactKey: Guid(c869fde1e29cfdb4595e439ca0656e1d) Importer(815301076,1909f56bfc062723c751e8b465ee728b)
Start importing Assets/Resources/Mob3/vr3_hand_l_2.png using Guid(c869fde1e29cfdb4595e439ca0656e1d) Importer(815301076,1909f56bfc062723c751e8b465ee728b)  -> (artifact id: 'e5811d370727bb5585e142d7bb92f3ac') in 0.126473 seconds
  Import took 0.144167 seconds .

========================================================================
Received Import Request.
  Time since last request: 40.940609 seconds.
  path: Assets/Resources/Mob3/vr3_body.png
  artifactKey: Guid(f4ae870ed8527744e915f73a84d141a5) Importer(815301076,1909f56bfc062723c751e8b465ee728b)
Start importing Assets/Resources/Mob3/vr3_body.png using Guid(f4ae870ed8527744e915f73a84d141a5) Importer(815301076,1909f56bfc062723c751e8b465ee728b)  -> (artifact id: '6c0d68c40e0785730b2507a6f6c1f072') in 0.123433 seconds
  Import took 0.362104 seconds .

========================================================================
Received Import Request.
  Time since last request: 9.978452 seconds.
  path: Assets/Resources/Mob3/vr3_body.png
  artifactKey: Guid(f4ae870ed8527744e915f73a84d141a5) Importer(815301076,1909f56bfc062723c751e8b465ee728b)
Start importing Assets/Resources/Mob3/vr3_body.png using Guid(f4ae870ed8527744e915f73a84d141a5) Importer(815301076,1909f56bfc062723c751e8b465ee728b)  -> (artifact id: '8f2045e43ff185df95561e91e13a880d') in 0.129545 seconds
  Import took 0.209313 seconds .

========================================================================
Received Import Request.
  Time since last request: 11.155267 seconds.
  path: Assets/Resources/Mob3/vr3_body.png
  artifactKey: Guid(f4ae870ed8527744e915f73a84d141a5) Importer(815301076,1909f56bfc062723c751e8b465ee728b)
Start importing Assets/Resources/Mob3/vr3_body.png using Guid(f4ae870ed8527744e915f73a84d141a5) Importer(815301076,1909f56bfc062723c751e8b465ee728b)  -> (artifact id: '5367fced23faa5c2cc3ee4a0864136c8') in 0.120581 seconds
  Import took 0.186622 seconds .

========================================================================
Received Import Request.
  Time since last request: 23.693442 seconds.
  path: Assets/Resources/Mob3/vr3_body.png
  artifactKey: Guid(f4ae870ed8527744e915f73a84d141a5) Importer(815301076,1909f56bfc062723c751e8b465ee728b)
Start importing Assets/Resources/Mob3/vr3_body.png using Guid(f4ae870ed8527744e915f73a84d141a5) Importer(815301076,1909f56bfc062723c751e8b465ee728b)  -> (artifact id: 'b4f157a4b4f8841883084b1a1ca0ef7e') in 0.509423 seconds
  Import took 0.605101 seconds .

========================================================================
Received Import Request.
  Time since last request: 74.978667 seconds.
  path: Assets/Resources/Mob3/vr3_hand_l.png
  artifactKey: Guid(3cc937c89813c8747a4575e990b33af8) Importer(815301076,1909f56bfc062723c751e8b465ee728b)
Start importing Assets/Resources/Mob3/vr3_hand_l.png using Guid(3cc937c89813c8747a4575e990b33af8) Importer(815301076,1909f56bfc062723c751e8b465ee728b)  -> (artifact id: '7204159ad280ed1b696b7020f6e48ac7') in 0.209451 seconds
  Import took 0.220747 seconds .

========================================================================
Received Import Request.
  Time since last request: 145.687749 seconds.
  path: Assets/Resources/Mob3/vr3_hand_pr.png
  artifactKey: Guid(092e07fc94ee9e34aa05790b56a837f9) Importer(815301076,1909f56bfc062723c751e8b465ee728b)
Start importing Assets/Resources/Mob3/vr3_hand_pr.png using Guid(092e07fc94ee9e34aa05790b56a837f9) Importer(815301076,1909f56bfc062723c751e8b465ee728b)  -> (artifact id: 'e1a7a9ca3a32adb89c3bea0dd1e96401') in 0.113349 seconds
  Import took 0.145686 seconds .

========================================================================
Received Import Request.
  Time since last request: 4.644324 seconds.
  path: Assets/Resources/Mob3/vr3_hand_pr_2.png
  artifactKey: Guid(805f69b0cf658dd459ffeaac4fd1f3db) Importer(815301076,1909f56bfc062723c751e8b465ee728b)
Start importing Assets/Resources/Mob3/vr3_hand_pr_2.png using Guid(805f69b0cf658dd459ffeaac4fd1f3db) Importer(815301076,1909f56bfc062723c751e8b465ee728b)  -> (artifact id: 'c7bbce85290de6e194fd7cf956281158') in 0.084731 seconds
  Import took 0.134540 seconds .

========================================================================
Received Import Request.
  Time since last request: 5.102235 seconds.
  path: Assets/Resources/Mob3/vr3_hand_l_2.png
  artifactKey: Guid(c869fde1e29cfdb4595e439ca0656e1d) Importer(815301076,1909f56bfc062723c751e8b465ee728b)
Start importing Assets/Resources/Mob3/vr3_hand_l_2.png using Guid(c869fde1e29cfdb4595e439ca0656e1d) Importer(815301076,1909f56bfc062723c751e8b465ee728b)  -> (artifact id: 'ee0675d1d1e9e5c066cb6b9b1f5f3250') in 0.152408 seconds
  Import took 0.161978 seconds .

========================================================================
Received Import Request.
  Time since last request: 11.397992 seconds.
  path: Assets/Resources/Mob3/vr3_hand_pr_2.png
  artifactKey: Guid(805f69b0cf658dd459ffeaac4fd1f3db) Importer(815301076,1909f56bfc062723c751e8b465ee728b)
Start importing Assets/Resources/Mob3/vr3_hand_pr_2.png using Guid(805f69b0cf658dd459ffeaac4fd1f3db) Importer(815301076,1909f56bfc062723c751e8b465ee728b)  -> (artifact id: '9f78a14f276857c7efc5d689b216fa39') in 0.076077 seconds
  Import took 0.136548 seconds .

========================================================================
Received Import Request.
  Time since last request: 6.389935 seconds.
  path: Assets/Resources/Mob3/vr3_hand_pr.png
  artifactKey: Guid(092e07fc94ee9e34aa05790b56a837f9) Importer(815301076,1909f56bfc062723c751e8b465ee728b)
Start importing Assets/Resources/Mob3/vr3_hand_pr.png using Guid(092e07fc94ee9e34aa05790b56a837f9) Importer(815301076,1909f56bfc062723c751e8b465ee728b)  -> (artifact id: '2bcea4db25acb6f798f7edb372bc56fa') in 0.089763 seconds
  Import took 0.300630 seconds .

========================================================================
Received Import Request.
  Time since last request: 5.067302 seconds.
  path: Assets/Resources/Mob3/vr3_hand_l_2.png
  artifactKey: Guid(c869fde1e29cfdb4595e439ca0656e1d) Importer(815301076,1909f56bfc062723c751e8b465ee728b)
Start importing Assets/Resources/Mob3/vr3_hand_l_2.png using Guid(c869fde1e29cfdb4595e439ca0656e1d) Importer(815301076,1909f56bfc062723c751e8b465ee728b)  -> (artifact id: '51d205fd967d6d6da959994fd6c11328') in 0.064150 seconds
  Import took 0.091620 seconds .

========================================================================
Received Import Request.
  Time since last request: 6.681031 seconds.
  path: Assets/Resources/Mob3/vr3_hand_l.png
  artifactKey: Guid(3cc937c89813c8747a4575e990b33af8) Importer(815301076,1909f56bfc062723c751e8b465ee728b)
Start importing Assets/Resources/Mob3/vr3_hand_l.png using Guid(3cc937c89813c8747a4575e990b33af8) Importer(815301076,1909f56bfc062723c751e8b465ee728b)  -> (artifact id: 'fce85d460c3a3dda36339ab1af966124') in 0.077267 seconds
  Import took 0.113083 seconds .

========================================================================
Received Import Request.
  Time since last request: 7.217652 seconds.
  path: Assets/Resources/Mob3/vr3_body.png
  artifactKey: Guid(f4ae870ed8527744e915f73a84d141a5) Importer(815301076,1909f56bfc062723c751e8b465ee728b)
Start importing Assets/Resources/Mob3/vr3_body.png using Guid(f4ae870ed8527744e915f73a84d141a5) Importer(815301076,1909f56bfc062723c751e8b465ee728b)  -> (artifact id: 'fd1e3cb83810c2d5a4ed59b1be490de9') in 0.114921 seconds
  Import took 0.142000 seconds .

========================================================================
Received Import Request.
  Time since last request: 863.191280 seconds.
  path: Assets/Resources/Mob3/vr3_dop.png
  artifactKey: Guid(458dbafbe74991646bb68c5cad96173c) Importer(815301076,1909f56bfc062723c751e8b465ee728b)
Start importing Assets/Resources/Mob3/vr3_dop.png using Guid(458dbafbe74991646bb68c5cad96173c) Importer(815301076,1909f56bfc062723c751e8b465ee728b)  -> (artifact id: '8543a6db1569b2b2655eca2b072d5a64') in 0.399482 seconds
  Import took 0.497000 seconds .

========================================================================
Received Import Request.
  Time since last request: 0.000412 seconds.
  path: Assets/Resources/Mob3/vr3_hand_pr.png
  artifactKey: Guid(092e07fc94ee9e34aa05790b56a837f9) Importer(815301076,1909f56bfc062723c751e8b465ee728b)
Start importing Assets/Resources/Mob3/vr3_hand_pr.png using Guid(092e07fc94ee9e34aa05790b56a837f9) Importer(815301076,1909f56bfc062723c751e8b465ee728b)  -> (artifact id: 'bcb71f5b965045d650c563db4e51e8be') in 0.151495 seconds
  Import took 0.263058 seconds .

========================================================================
Received Import Request.
  Time since last request: 15.598976 seconds.
  path: Assets/Resources/Mob3/vr3_hand_pr.png
  artifactKey: Guid(092e07fc94ee9e34aa05790b56a837f9) Importer(815301076,1909f56bfc062723c751e8b465ee728b)
Start importing Assets/Resources/Mob3/vr3_hand_pr.png using Guid(092e07fc94ee9e34aa05790b56a837f9) Importer(815301076,1909f56bfc062723c751e8b465ee728b)  -> (artifact id: 'a0a04b948716c1d6e20a2c4b33325236') in 0.113723 seconds
  Import took 0.264271 seconds .

========================================================================
Received Import Request.
  Time since last request: 8.723265 seconds.
  path: Assets/Resources/Mob3/vr3_dop.png
  artifactKey: Guid(458dbafbe74991646bb68c5cad96173c) Importer(815301076,1909f56bfc062723c751e8b465ee728b)
Start importing Assets/Resources/Mob3/vr3_dop.png using Guid(458dbafbe74991646bb68c5cad96173c) Importer(815301076,1909f56bfc062723c751e8b465ee728b)  -> (artifact id: '4cf6718b796a14a3b1fb2851ad093248') in 0.084857 seconds
  Import took 0.096219 seconds .

========================================================================
Received Import Request.
  Time since last request: 6.343094 seconds.
  path: Assets/Resources/Mob3/vr3_hand_pr.png
  artifactKey: Guid(092e07fc94ee9e34aa05790b56a837f9) Importer(815301076,1909f56bfc062723c751e8b465ee728b)
Start importing Assets/Resources/Mob3/vr3_hand_pr.png using Guid(092e07fc94ee9e34aa05790b56a837f9) Importer(815301076,1909f56bfc062723c751e8b465ee728b)  -> (artifact id: '2a83d774fb27d472368fa130b4722834') in 0.217877 seconds
  Import took 0.227890 seconds .

========================================================================
Received Import Request.
  Time since last request: 1084.812896 seconds.
  path: Assets/Resources/Mob3/vr3_body.png
  artifactKey: Guid(f4ae870ed8527744e915f73a84d141a5) Importer(815301076,1909f56bfc062723c751e8b465ee728b)
Start importing Assets/Resources/Mob3/vr3_body.png using Guid(f4ae870ed8527744e915f73a84d141a5) Importer(815301076,1909f56bfc062723c751e8b465ee728b)  -> (artifact id: 'dd53bcc4d4cca5dba78087bff2e80d79') in 0.267198 seconds
  Import took 0.348842 seconds .

========================================================================
Received Import Request.
  Time since last request: 0.000542 seconds.
  path: Assets/Resources/Mob3/vr3_legs.png
  artifactKey: Guid(46156e63303cde749adb8fa4f26871b8) Importer(815301076,1909f56bfc062723c751e8b465ee728b)
Start importing Assets/Resources/Mob3/vr3_legs.png using Guid(46156e63303cde749adb8fa4f26871b8) Importer(815301076,1909f56bfc062723c751e8b465ee728b)  -> (artifact id: '726c5c3983fe188aa7f98d1d1ef1edbd') in 0.480967 seconds
  Import took 0.491521 seconds .

========================================================================
Received Import Request.
  Time since last request: 12.319302 seconds.
  path: Assets/Resources/Mob3/vr3_body.png
  artifactKey: Guid(f4ae870ed8527744e915f73a84d141a5) Importer(815301076,1909f56bfc062723c751e8b465ee728b)
Start importing Assets/Resources/Mob3/vr3_body.png using Guid(f4ae870ed8527744e915f73a84d141a5) Importer(815301076,1909f56bfc062723c751e8b465ee728b)  -> (artifact id: 'b6b037d1a81fe0f1b85f97bba964be8b') in 0.110245 seconds
  Import took 0.148240 seconds .

========================================================================
Received Import Request.
  Time since last request: 11.192024 seconds.
  path: Assets/Resources/Mob3/vr3_legs.png
  artifactKey: Guid(46156e63303cde749adb8fa4f26871b8) Importer(815301076,1909f56bfc062723c751e8b465ee728b)
Start importing Assets/Resources/Mob3/vr3_legs.png using Guid(46156e63303cde749adb8fa4f26871b8) Importer(815301076,1909f56bfc062723c751e8b465ee728b)  -> (artifact id: 'a63404a674a5f80ac43f67c10faa6cf5') in 0.115698 seconds
  Import took 0.143740 seconds .

========================================================================
Received Import Request.
  Time since last request: 19.499686 seconds.
  path: Assets/Resources/Mob3/vr3_legs.png
  artifactKey: Guid(46156e63303cde749adb8fa4f26871b8) Importer(815301076,1909f56bfc062723c751e8b465ee728b)
Start importing Assets/Resources/Mob3/vr3_legs.png using Guid(46156e63303cde749adb8fa4f26871b8) Importer(815301076,1909f56bfc062723c751e8b465ee728b)  -> (artifact id: 'dda0b2eb6417518131156fe6df334e46') in 0.103205 seconds
  Import took 0.157852 seconds .

========================================================================
Received Import Request.
  Time since last request: 823.989218 seconds.
  path: Assets/Resources/Mob3/vr3_body.png
  artifactKey: Guid(f4ae870ed8527744e915f73a84d141a5) Importer(815301076,1909f56bfc062723c751e8b465ee728b)
Start importing Assets/Resources/Mob3/vr3_body.png using Guid(f4ae870ed8527744e915f73a84d141a5) Importer(815301076,1909f56bfc062723c751e8b465ee728b)  -> (artifact id: '0adcb12812fc165872364d9cb428c4c6') in 0.195043 seconds
  Import took 0.477885 seconds .

========================================================================
Received Import Request.
  Time since last request: 14.372322 seconds.
  path: Assets/Resources/Mob3/idle_vr3.anim
  artifactKey: Guid(3574cd2e4c7ecc54ebf3b26364129fb9) Importer(815301076,1909f56bfc062723c751e8b465ee728b)
Start importing Assets/Resources/Mob3/idle_vr3.anim using Guid(3574cd2e4c7ecc54ebf3b26364129fb9) Importer(815301076,1909f56bfc062723c751e8b465ee728b)  -> (artifact id: '7b2fa311d2cac486d25fb4efe1496b88') in 0.055341 seconds
  Import took 0.090517 seconds .

========================================================================
Received Import Request.
  Time since last request: 0.034454 seconds.
  path: Assets/Resources/Mob3/idle_vr3.anim
  artifactKey: Guid(3574cd2e4c7ecc54ebf3b26364129fb9) Importer(815301076,1909f56bfc062723c751e8b465ee728b)
Start importing Assets/Resources/Mob3/idle_vr3.anim using Guid(3574cd2e4c7ecc54ebf3b26364129fb9) Importer(815301076,1909f56bfc062723c751e8b465ee728b)  -> (artifact id: '7b2fa311d2cac486d25fb4efe1496b88') in 0.014921 seconds
  Import took 0.023646 seconds .

========================================================================
Received Import Request.
  Time since last request: 75.451664 seconds.
  path: Assets/Resources/Mob3/vr3_dop.png
  artifactKey: Guid(458dbafbe74991646bb68c5cad96173c) Importer(815301076,1909f56bfc062723c751e8b465ee728b)
Start importing Assets/Resources/Mob3/vr3_dop.png using Guid(458dbafbe74991646bb68c5cad96173c) Importer(815301076,1909f56bfc062723c751e8b465ee728b)  -> (artifact id: 'b299682fad1e7aeff6ac8c9bdb7b141f') in 0.061277 seconds
  Import took 0.070542 seconds .

========================================================================
Received Import Request.
  Time since last request: 25.652620 seconds.
  path: Assets/Resources/Mob3/vr3_hand_l.png
  artifactKey: Guid(3cc937c89813c8747a4575e990b33af8) Importer(815301076,1909f56bfc062723c751e8b465ee728b)
Start importing Assets/Resources/Mob3/vr3_hand_l.png using Guid(3cc937c89813c8747a4575e990b33af8) Importer(815301076,1909f56bfc062723c751e8b465ee728b)  -> (artifact id: 'e5364492f2884819320d10b7bbd3d1a6') in 0.136826 seconds
  Import took 0.161269 seconds .

========================================================================
Received Import Request.
  Time since last request: 43.237405 seconds.
  path: Assets/Resources/Mob3/vr3_hand_l_2.png
  artifactKey: Guid(c869fde1e29cfdb4595e439ca0656e1d) Importer(815301076,1909f56bfc062723c751e8b465ee728b)
Start importing Assets/Resources/Mob3/vr3_hand_l_2.png using Guid(c869fde1e29cfdb4595e439ca0656e1d) Importer(815301076,1909f56bfc062723c751e8b465ee728b)  -> (artifact id: '7c51cfb8208ac1a6eb9b8408ca0ad730') in 0.078088 seconds
  Import took 0.098775 seconds .

========================================================================
Received Import Request.
  Time since last request: 24.156339 seconds.
  path: Assets/Resources/Mob3/vr3_hand_pr.png
  artifactKey: Guid(092e07fc94ee9e34aa05790b56a837f9) Importer(815301076,1909f56bfc062723c751e8b465ee728b)
Start importing Assets/Resources/Mob3/vr3_hand_pr.png using Guid(092e07fc94ee9e34aa05790b56a837f9) Importer(815301076,1909f56bfc062723c751e8b465ee728b)  -> (artifact id: '3c50e6ac87b5db916530889d494b58df') in 0.078303 seconds
  Import took 0.134835 seconds .

========================================================================
Received Import Request.
  Time since last request: 38.873686 seconds.
  path: Assets/Resources/Mob3/vr3_hand_pr_2.png
  artifactKey: Guid(805f69b0cf658dd459ffeaac4fd1f3db) Importer(815301076,1909f56bfc062723c751e8b465ee728b)
Start importing Assets/Resources/Mob3/vr3_hand_pr_2.png using Guid(805f69b0cf658dd459ffeaac4fd1f3db) Importer(815301076,1909f56bfc062723c751e8b465ee728b)  -> (artifact id: '6a52469b72d64f9ca470693d9817ea00') in 0.128678 seconds
  Import took 0.192250 seconds .

========================================================================
Received Import Request.
  Time since last request: 822.397046 seconds.
  path: Assets/Resources/Mob3/Vrag3.controller
  artifactKey: Guid(d165d9e8c5d618a4489c428ca7e5a000) Importer(815301076,1909f56bfc062723c751e8b465ee728b)
Start importing Assets/Resources/Mob3/Vrag3.controller using Guid(d165d9e8c5d618a4489c428ca7e5a000) Importer(815301076,1909f56bfc062723c751e8b465ee728b)  -> (artifact id: 'bdf0091854c66b74b2b1a07474a9f351') in 0.071390 seconds
  Import took 0.094277 seconds .

========================================================================
Received Prepare
Refreshing native plugins compatible for Editor in 24.63 ms, found 1 plugins.
Preloading 0 native plugins for Editor in 0.00 ms.
Unloading 18 Unused Serialized files (Serialized files now loaded: 0)
System memory in use before: 53.8 MB.
System memory in use after: 54.0 MB.

Unloading 18 unused Assets to reduce memory usage. Loaded Objects now: 2398.
Total: 100.682200 ms (FindLiveObjects: 1.243100 ms CreateObjectMapping: 0.358300 ms MarkObjects: 98.976400 ms  DeleteObjects: 0.100500 ms)

========================================================================
Received Import Request.
  Time since last request: 654.034037 seconds.
  path: Assets/Resources/Vilma/Character.controller
  artifactKey: Guid(35104e39459049f4390ddc3f1498eb3d) Importer(815301076,1909f56bfc062723c751e8b465ee728b)
Start importing Assets/Resources/Vilma/Character.controller using Guid(35104e39459049f4390ddc3f1498eb3d) Importer(815301076,1909f56bfc062723c751e8b465ee728b)  -> (artifact id: '4c3f670aaa3e7abafa73f28300104bae') in 0.182773 seconds
  Import took 0.204691 seconds .

========================================================================
Received Prepare
Registering precompiled user dll's ...
Registered in 0.007641 seconds.
Begin MonoManager ReloadAssembly
Native extension for WindowsStandalone target not found
Refreshing native plugins compatible for Editor in 0.74 ms, found 1 plugins.
Preloading 0 native plugins for Editor in 0.00 ms.
Mono: successfully reloaded assembly
- Completed reload, in  3.352 seconds
Platform modules already initialized, skipping
Refreshing native plugins compatible for Editor in 1.61 ms, found 1 plugins.
Preloading 0 native plugins for Editor in 0.00 ms.
Unloading 1902 Unused Serialized files (Serialized files now loaded: 0)
System memory in use before: 90.7 MB.
System memory in use after: 90.8 MB.

Unloading 20 unused Assets to reduce memory usage. Loaded Objects now: 2402.
Total: 5.296600 ms (FindLiveObjects: 0.414000 ms CreateObjectMapping: 0.130100 ms MarkObjects: 4.435500 ms  DeleteObjects: 0.314000 ms)

========================================================================
Received Import Request.
  Time since last request: 583.131745 seconds.
  path: Assets/Resources/Mob3/Vrag3.controller
  artifactKey: Guid(d165d9e8c5d618a4489c428ca7e5a000) Importer(815301076,1909f56bfc062723c751e8b465ee728b)
Start importing Assets/Resources/Mob3/Vrag3.controller using Guid(d165d9e8c5d618a4489c428ca7e5a000) Importer(815301076,1909f56bfc062723c751e8b465ee728b)  -> (artifact id: 'dd75beea7e857819e184426f42f1ab1b') in 0.059839 seconds
  Import took 0.074303 seconds .

========================================================================
Received Prepare
Refreshing native plugins compatible for Editor in 36.37 ms, found 1 plugins.
Preloading 0 native plugins for Editor in 0.00 ms.
Unloading 18 Unused Serialized files (Serialized files now loaded: 0)
System memory in use before: 53.4 MB.
System memory in use after: 53.6 MB.

Unloading 18 unused Assets to reduce memory usage. Loaded Objects now: 2402.
Total: 17.703500 ms (FindLiveObjects: 1.051300 ms CreateObjectMapping: 0.571400 ms MarkObjects: 15.996800 ms  DeleteObjects: 0.081200 ms)

========================================================================
Received Prepare
Registering precompiled user dll's ...
Registered in 0.002686 seconds.
Begin MonoManager ReloadAssembly
Native extension for WindowsStandalone target not found
Refreshing native plugins compatible for Editor in 1.52 ms, found 1 plugins.
Preloading 0 native plugins for Editor in 0.00 ms.
Mono: successfully reloaded assembly
- Completed reload, in  2.860 seconds
Platform modules already initialized, skipping
Refreshing native plugins compatible for Editor in 1.65 ms, found 1 plugins.
Preloading 0 native plugins for Editor in 0.00 ms.
Unloading 1902 Unused Serialized files (Serialized files now loaded: 0)
System memory in use before: 90.7 MB.
System memory in use after: 90.8 MB.

Unloading 20 unused Assets to reduce memory usage. Loaded Objects now: 2406.
Total: 6.654700 ms (FindLiveObjects: 0.642700 ms CreateObjectMapping: 0.254200 ms MarkObjects: 5.701800 ms  DeleteObjects: 0.052900 ms)

========================================================================
Received Prepare
Refreshing native plugins compatible for Editor in 11.61 ms, found 1 plugins.
Preloading 0 native plugins for Editor in 0.00 ms.
Unloading 18 Unused Serialized files (Serialized files now loaded: 0)
System memory in use before: 53.4 MB.
System memory in use after: 53.6 MB.

Unloading 18 unused Assets to reduce memory usage. Loaded Objects now: 2406.
Total: 3.497200 ms (FindLiveObjects: 0.292700 ms CreateObjectMapping: 0.104600 ms MarkObjects: 3.041400 ms  DeleteObjects: 0.055800 ms)

========================================================================
Received Prepare
Registering precompiled user dll's ...
Registered in 0.003227 seconds.
Begin MonoManager ReloadAssembly
Native extension for WindowsStandalone target not found
Refreshing native plugins compatible for Editor in 0.73 ms, found 1 plugins.
Preloading 0 native plugins for Editor in 0.00 ms.
Mono: successfully reloaded assembly
- Completed reload, in  3.609 seconds
Platform modules already initialized, skipping
Refreshing native plugins compatible for Editor in 1.72 ms, found 1 plugins.
Preloading 0 native plugins for Editor in 0.00 ms.
Unloading 1902 Unused Serialized files (Serialized files now loaded: 0)
System memory in use before: 90.7 MB.
System memory in use after: 90.8 MB.

Unloading 20 unused Assets to reduce memory usage. Loaded Objects now: 2410.
Total: 7.344400 ms (FindLiveObjects: 0.715000 ms CreateObjectMapping: 0.243300 ms MarkObjects: 6.330100 ms  DeleteObjects: 0.052400 ms)

========================================================================
Received Prepare
Refreshing native plugins compatible for Editor in 12.98 ms, found 1 plugins.
Preloading 0 native plugins for Editor in 0.00 ms.
Unloading 18 Unused Serialized files (Serialized files now loaded: 0)
System memory in use before: 53.5 MB.
System memory in use after: 53.6 MB.

Unloading 18 unused Assets to reduce memory usage. Loaded Objects now: 2410.
Total: 4.617200 ms (FindLiveObjects: 0.292200 ms CreateObjectMapping: 0.155500 ms MarkObjects: 4.132500 ms  DeleteObjects: 0.034900 ms)

========================================================================
Received Prepare
Registering precompiled user dll's ...
Registered in 0.003174 seconds.
Begin MonoManager ReloadAssembly
Native extension for WindowsStandalone target not found
Refreshing native plugins compatible for Editor in 2.18 ms, found 1 plugins.
Preloading 0 native plugins for Editor in 0.00 ms.
Mono: successfully reloaded assembly
- Completed reload, in  3.852 seconds
Platform modules already initialized, skipping
Refreshing native plugins compatible for Editor in 2.40 ms, found 1 plugins.
Preloading 0 native plugins for Editor in 0.00 ms.
Unloading 1902 Unused Serialized files (Serialized files now loaded: 0)
System memory in use before: 90.7 MB.
System memory in use after: 90.8 MB.

Unloading 20 unused Assets to reduce memory usage. Loaded Objects now: 2414.
Total: 6.567000 ms (FindLiveObjects: 0.585500 ms CreateObjectMapping: 0.252900 ms MarkObjects: 5.605600 ms  DeleteObjects: 0.118800 ms)

========================================================================
Received Prepare
Refreshing native plugins compatible for Editor in 22.39 ms, found 1 plugins.
Preloading 0 native plugins for Editor in 0.00 ms.
Unloading 18 Unused Serialized files (Serialized files now loaded: 0)
System memory in use before: 53.5 MB.
System memory in use after: 53.6 MB.

Unloading 18 unused Assets to reduce memory usage. Loaded Objects now: 2414.
Total: 6.034600 ms (FindLiveObjects: 0.584600 ms CreateObjectMapping: 0.200600 ms MarkObjects: 5.194700 ms  DeleteObjects: 0.049000 ms)

========================================================================
Received Prepare
Registering precompiled user dll's ...
Registered in 0.004259 seconds.
Begin MonoManager ReloadAssembly
Native extension for WindowsStandalone target not found
Refreshing native plugins compatible for Editor in 1.74 ms, found 1 plugins.
Preloading 0 native plugins for Editor in 0.00 ms.
Mono: successfully reloaded assembly
- Completed reload, in  3.228 seconds
Platform modules already initialized, skipping
Refreshing native plugins compatible for Editor in 1.31 ms, found 1 plugins.
Preloading 0 native plugins for Editor in 0.00 ms.
Unloading 1902 Unused Serialized files (Serialized files now loaded: 0)
System memory in use before: 90.7 MB.
System memory in use after: 90.8 MB.

Unloading 20 unused Assets to reduce memory usage. Loaded Objects now: 2418.
Total: 7.521700 ms (FindLiveObjects: 0.693900 ms CreateObjectMapping: 0.229600 ms MarkObjects: 6.540100 ms  DeleteObjects: 0.053900 ms)

AssetImportWorkerClient::OnTransportError - code=2 error=End of file
